<?xml version="1.0" encoding="UTF-8"?>
<!-- Generated by org.testng.reporters.JUnitReportReporter -->
<testsuite hostname="LTIN490436" failures="0" tests="12" name="policyBazaar.test.TravelInsuranceTest" time="28.052" errors="0" timestamp="2024-03-09T17:39:31 IST" skipped="0">
  <testcase classname="policyBazaar.test.TravelInsuranceTest" name="testTravelInsuranceButtonClick" time="0.372"/>
  <system-out/>
  <testcase classname="policyBazaar.test.TravelInsuranceTest" name="testSwitchToChildWindow" time="0.241"/>
  <system-out/>
  <testcase classname="policyBazaar.test.TravelInsuranceTest" name="SelectDestination" time="4.281"/>
  <system-out/>
  <testcase classname="policyBazaar.test.TravelInsuranceTest" name="testSelectDate" time="1.139"/>
  <system-out/>
  <testcase classname="policyBazaar.test.TravelInsuranceTest" name="testSelectNumberOfTravellers" time="1.476"/>
  <system-out/>
  <testcase classname="policyBazaar.test.TravelInsuranceTest" name="ViewPlan" time="0.971"/>
  <system-out/>
  <testcase classname="policyBazaar.test.TravelInsuranceTest" name="SelectingStudentTrip" time="7.354"/>
  <system-out/>
  <testcase classname="policyBazaar.test.TravelInsuranceTest" name="InsuranceData" time="4.032"/>
  <system-out/>
  <testcase classname="policyBazaar.test.TravelInsuranceTest" name="SwitchChild" time="0.140"/>
  <system-out/>
  <testcase classname="policyBazaar.test.TravelInsuranceTest" name="CarInsurance" time="5.363"/>
  <system-out/>
  <testcase classname="policyBazaar.test.TravelInsuranceTest" name="fillingForm" time="2.016"/>
  <system-out/>
  <testcase classname="policyBazaar.test.TravelInsuranceTest" name="HealthInsurance" time="0.667"/>
  <system-out/>
</testsuite> <!-- policyBazaar.test.TravelInsuranceTest -->
